<testsuite name="Mocha Tests" tests="1" failures="0" errors="0" skipped="0" timestamp="Tue, 14 Jun 2016 05:42:40 GMT" time="0.03">
<testcase classname="GET /" name="respond with learning automated testing" time="0.027"/>
</testsuite>
